<?xml version="1.0" encoding="UTF-8"?>
<testng-results ignored="0" total="1" passed="1" failed="0" skipped="0">
  <reporter-output>
  </reporter-output>
  <suite started-at="2020-05-29T18:25:17 IST" name="Default suite" finished-at="2020-05-29T18:25:20 IST" duration-ms="3118">
    <groups>
    </groups>
    <test started-at="2020-05-29T18:25:17 IST" name="Default test" finished-at="2020-05-29T18:25:20 IST" duration-ms="3118">
      <class name="APILearning.TC003_Get_Request">
        <test-method signature="googleMapTest()[pri:0, instance:APILearning.TC003_Get_Request@30b7c004]" started-at="2020-05-29T18:25:17 IST" name="googleMapTest" finished-at="2020-05-29T18:25:20 IST" duration-ms="3046" status="PASS">
          <reporter-output>
          </reporter-output>
        </test-method> <!-- googleMapTest -->
      </class> <!-- APILearning.TC003_Get_Request -->
    </test> <!-- Default test -->
  </suite> <!-- Default suite -->
</testng-results>
