<?xml version="1.0" encoding="UTF-8"?>
<testng-results ignored="0" total="2" passed="2" failed="0" skipped="0">
  <reporter-output>
  </reporter-output>
  <suite started-at="2020-06-01T11:23:58 IST" name="RestAssuredAPIRTestingcmdexecution" finished-at="2020-06-01T11:24:02 IST" duration-ms="3214">
    <groups>
    </groups>
    <test started-at="2020-06-01T11:23:58 IST" name="GetPostResquest" finished-at="2020-06-01T11:24:02 IST" duration-ms="3214">
      <class name="APILearning.TC003_Get_Request">
        <test-method signature="googleMapTest()[pri:0, instance:APILearning.TC003_Get_Request@77167fb7]" started-at="2020-06-01T11:24:01 IST" name="googleMapTest" finished-at="2020-06-01T11:24:02 IST" duration-ms="649" status="PASS">
          <reporter-output>
          </reporter-output>
        </test-method> <!-- googleMapTest -->
      </class> <!-- APILearning.TC003_Get_Request -->
      <class name="APILearning.TC001_Get_Request">
        <test-method signature="Get_all_employee_data()[pri:0, instance:APILearning.TC001_Get_Request@15b204a1]" started-at="2020-06-01T11:23:59 IST" name="Get_all_employee_data" finished-at="2020-06-01T11:24:01 IST" duration-ms="2513" status="PASS">
          <reporter-output>
          </reporter-output>
        </test-method> <!-- Get_all_employee_data -->
      </class> <!-- APILearning.TC001_Get_Request -->
    </test> <!-- GetPostResquest -->
  </suite> <!-- RestAssuredAPIRTestingcmdexecution -->
</testng-results>
